0 info it worked if it ends with ok
1 verbose cli [ '/usr/local/Cellar/node/4.1.2/bin/node',
1 verbose cli   '/usr/local/bin/npm',
1 verbose cli   'install',
1 verbose cli   'pleeease--dev' ]
2 info using npm@2.14.6
3 info using node@v4.1.2
4 verbose install initial load of /Users/stevenscales/Desktop/websites - sort/development/portfolio/package.json
5 warn package.json portolio@1.0.0 No description
6 warn package.json portolio@1.0.0 No repository field.
7 warn package.json portolio@1.0.0 No README data
8 verbose installManyTop reading scoped package data from /Users/stevenscales/Desktop/websites - sort/development/portfolio/node_modules/gulp/package.json
9 verbose installManyTop reading scoped package data from /Users/stevenscales/Desktop/websites - sort/development/portfolio/node_modules/gulp-pleeease/package.json
10 verbose installManyTop reading scoped package data from /Users/stevenscales/Desktop/websites - sort/development/portfolio/node_modules/gulp-rename/package.json
11 verbose installManyTop reading scoped package data from /Users/stevenscales/Desktop/websites - sort/development/portfolio/node_modules/gulp-sass/package.json
12 verbose installManyTop reading scoped package data from /Users/stevenscales/Desktop/websites - sort/development/portfolio/node_modules/gulp-sourcemaps/package.json
13 verbose installManyTop reading scoped package data from /Users/stevenscales/Desktop/websites - sort/development/portfolio/node_modules/imagemin/package.json
14 verbose installManyTop reading scoped package data from /Users/stevenscales/Desktop/websites - sort/development/portfolio/node_modules/isotope-layout/package.json
15 verbose installManyTop reading scoped package data from /Users/stevenscales/Desktop/websites - sort/development/portfolio/node_modules/jpegoptim-bin/package.json
16 verbose installManyTop reading scoped package data from /Users/stevenscales/Desktop/websites - sort/development/portfolio/node_modules/pleeease/package.json
17 info package.json gulp-rename@1.2.2 No license field.
18 info package.json pleeease@4.0.4 No license field.
19 verbose readDependencies loading dependencies from /Users/stevenscales/Desktop/websites - sort/development/portfolio/package.json
20 silly cache add args [ 'pleeease--dev', null ]
21 verbose cache add spec pleeease--dev
22 silly cache add parsed spec Result {
22 silly cache add   raw: 'pleeease--dev',
22 silly cache add   scope: null,
22 silly cache add   name: 'pleeease--dev',
22 silly cache add   rawSpec: '',
22 silly cache add   spec: '*',
22 silly cache add   type: 'range' }
23 silly addNamed pleeease--dev@*
24 verbose addNamed "*" is a valid semver range for pleeease--dev
25 silly addNameRange { name: 'pleeease--dev', range: '*', hasData: false }
26 silly mapToRegistry name pleeease--dev
27 silly mapToRegistry using default registry
28 silly mapToRegistry registry https://registry.npmjs.org/
29 silly mapToRegistry uri https://registry.npmjs.org/pleeease--dev
30 verbose addNameRange registry:https://registry.npmjs.org/pleeease--dev not in flight; fetching
31 verbose request uri https://registry.npmjs.org/pleeease--dev
32 verbose request no auth needed
33 info attempt registry request try #1 at 3:05:25 PM
34 verbose request id d09b457e40fd5996
35 http request GET https://registry.npmjs.org/pleeease--dev
36 http 404 https://registry.npmjs.org/pleeease--dev
37 verbose headers { 'content-type': 'application/json',
37 verbose headers   'cache-control': 'max-age=0',
37 verbose headers   'content-length': '2',
37 verbose headers   'accept-ranges': 'bytes',
37 verbose headers   date: 'Wed, 03 Feb 2016 20:05:25 GMT',
37 verbose headers   via: '1.1 varnish',
37 verbose headers   age: '0',
37 verbose headers   connection: 'keep-alive',
37 verbose headers   'x-served-by': 'cache-atl6222-ATL',
37 verbose headers   'x-cache': 'MISS',
37 verbose headers   'x-cache-hits': '0',
37 verbose headers   'x-timer': 'S1454529925.715317,VS0,VE33' }
38 silly get cb [ 404,
38 silly get   { 'content-type': 'application/json',
38 silly get     'cache-control': 'max-age=0',
38 silly get     'content-length': '2',
38 silly get     'accept-ranges': 'bytes',
38 silly get     date: 'Wed, 03 Feb 2016 20:05:25 GMT',
38 silly get     via: '1.1 varnish',
38 silly get     age: '0',
38 silly get     connection: 'keep-alive',
38 silly get     'x-served-by': 'cache-atl6222-ATL',
38 silly get     'x-cache': 'MISS',
38 silly get     'x-cache-hits': '0',
38 silly get     'x-timer': 'S1454529925.715317,VS0,VE33' } ]
39 verbose stack Error: Registry returned 404 for GET on https://registry.npmjs.org/pleeease--dev
39 verbose stack     at makeError (/usr/local/lib/node_modules/npm/node_modules/npm-registry-client/lib/request.js:264:12)
39 verbose stack     at CachingRegistryClient.<anonymous> (/usr/local/lib/node_modules/npm/node_modules/npm-registry-client/lib/request.js:242:14)
39 verbose stack     at Request._callback (/usr/local/lib/node_modules/npm/node_modules/npm-registry-client/lib/request.js:172:14)
39 verbose stack     at Request.self.callback (/usr/local/lib/node_modules/npm/node_modules/request/request.js:198:22)
39 verbose stack     at emitTwo (events.js:87:13)
39 verbose stack     at Request.emit (events.js:172:7)
39 verbose stack     at Request.<anonymous> (/usr/local/lib/node_modules/npm/node_modules/request/request.js:1063:14)
39 verbose stack     at emitOne (events.js:82:20)
39 verbose stack     at Request.emit (events.js:169:7)
39 verbose stack     at IncomingMessage.<anonymous> (/usr/local/lib/node_modules/npm/node_modules/request/request.js:1009:12)
40 verbose statusCode 404
41 verbose pkgid pleeease--dev
42 verbose cwd /Users/stevenscales/Desktop/websites - sort/development/portfolio
43 error Darwin 15.2.0
44 error argv "/usr/local/Cellar/node/4.1.2/bin/node" "/usr/local/bin/npm" "install" "pleeease--dev"
45 error node v4.1.2
46 error npm  v2.14.6
47 error code E404
48 error 404 Registry returned 404 for GET on https://registry.npmjs.org/pleeease--dev
48 error 404
48 error 404 'pleeease--dev' is not in the npm registry.
48 error 404 You should bug the author to publish it (or use the name yourself!)
48 error 404 It was specified as a dependency of 'portolio'
48 error 404
48 error 404 Note that you can also install from a
48 error 404 tarball, folder, http url, or git url.
49 verbose exit [ 1, true ]
